<?xml version="1.0" encoding="UTF-8"?>
<testng-results ignored="0" total="2" passed="2" failed="0" skipped="0">
  <reporter-output>
  </reporter-output>
  <suite started-at="2024-09-21T19:29:23 IST" name="ebankingv1" finished-at="2024-09-21T19:29:49 IST" duration-ms="25486">
    <groups>
    </groups>
    <test started-at="2024-09-21T19:29:23 IST" name="BankingApp Test" finished-at="2024-09-21T19:29:49 IST" duration-ms="25486">
      <class name="com.bankingv1.testCase.TC_LoginTest_001">
        <test-method is-config="true" signature="setup(java.lang.String)[pri:0, instance:com.bankingv1.testCase.TC_LoginTest_001@478190fc]" started-at="2024-09-21T19:29:24 IST" name="setup" finished-at="2024-09-21T19:29:29 IST" duration-ms="5012" status="PASS">
          <params>
            <param index="0">
              <value>
                <![CDATA[chrome]]>
              </value>
            </param>
          </params>
          <reporter-output>
          </reporter-output>
        </test-method> <!-- setup -->
        <test-method signature="loginTest()[pri:0, instance:com.bankingv1.testCase.TC_LoginTest_001@478190fc]" started-at="2024-09-21T19:29:29 IST" name="loginTest" finished-at="2024-09-21T19:29:30 IST" duration-ms="1200" status="PASS">
          <reporter-output>
          </reporter-output>
        </test-method> <!-- loginTest -->
        <test-method is-config="true" signature="tearDown()[pri:0, instance:com.bankingv1.testCase.TC_LoginTest_001@478190fc]" started-at="2024-09-21T19:29:30 IST" name="tearDown" finished-at="2024-09-21T19:29:30 IST" duration-ms="127" status="PASS">
          <reporter-output>
          </reporter-output>
        </test-method> <!-- tearDown -->
      </class> <!-- com.bankingv1.testCase.TC_LoginTest_001 -->
      <class name="com.bankingv1.testCase.TC_AddCustomer">
        <test-method is-config="true" signature="setup(java.lang.String)[pri:0, instance:com.bankingv1.testCase.TC_AddCustomer@36bc55de]" started-at="2024-09-21T19:29:30 IST" name="setup" finished-at="2024-09-21T19:29:34 IST" duration-ms="4470" status="PASS">
          <params>
            <param index="0">
              <value>
                <![CDATA[chrome]]>
              </value>
            </param>
          </params>
          <reporter-output>
          </reporter-output>
        </test-method> <!-- setup -->
        <test-method signature="addNewCustomer()[pri:0, instance:com.bankingv1.testCase.TC_AddCustomer@36bc55de]" started-at="2024-09-21T19:29:34 IST" name="addNewCustomer" finished-at="2024-09-21T19:29:49 IST" duration-ms="14380" status="PASS">
          <reporter-output>
          </reporter-output>
        </test-method> <!-- addNewCustomer -->
        <test-method is-config="true" signature="tearDown()[pri:0, instance:com.bankingv1.testCase.TC_AddCustomer@36bc55de]" started-at="2024-09-21T19:29:49 IST" name="tearDown" finished-at="2024-09-21T19:29:49 IST" duration-ms="176" status="PASS">
          <reporter-output>
          </reporter-output>
        </test-method> <!-- tearDown -->
      </class> <!-- com.bankingv1.testCase.TC_AddCustomer -->
    </test> <!-- BankingApp Test -->
  </suite> <!-- ebankingv1 -->
</testng-results>
